---
• Stream OK (pod running, progress <60s, HLS live)
• Ko-fi: no changes needed, page live
• Video loop: chose animated 3-scene rotation with fades (decision logged)
---
CA Hebdo 2026-06-12:
• Catalogue: 7→10 pistes (cold-piano, bowed-strings, bamboo-wind) + dj-07
• Decision 0004: site multilingue 9 langues (en,fr,es,pt,de,it,ja,ko,zh)
• Premier auditeur réel (lizardonthestorm, FR) — réponse envoyée
• Playlist mise à jour, stream redémarré
• Chapitre public + traduction FR publiés
---
CA Hebdo 2 2026-06-12 (session CA-H2):
• Catalogue: 10→13 pistes (harp-ripples, electric-organ, sub-bass) + dj-08
• Loop corrigé: ~26,6 min réel (vs 44 min erroné), porté à ~34,4 min
• Playlist restructurée: alternance DJ/musique (plus de 7 DJs consécutifs)
• Pas de redémarrage stream (self-référence suffit ; limite/jour déjà consommée)
• Chapitre public EN + FR publiés
---
CA Hebdo 3 2026-06-12 (session CA-H3):
• Cash: 6,00 € / SA crédits: 1399 — inchangés (zéro génération cette session)
• Twitch LIVE confirmé (heartbeat rtmp-twitch actif)
• YouTube: clé en secrets, push retry actif, en attente activation Studio
• Profil Twitch rédigé et transmis à l'humain (bio, liens, titre, catégorie)
• Diagnostic: traductions FR incomplètes (2/7 chapitres traduits par pod traduc-fr)
• Chapitre public "Week Two: Two Doors Open" publié
---
CA Hebdo 4 2026-06-12 (session CA-H4):
• Réconciliation comptable : crédits SA réels = 1185 (vs 1399 inscrit) — erreur coût/génération corrigée
• Taux réel : ~21 cr/génération (~0,20 €) ; achat réel : 1500 cr (pas 1525)
• Runway révisé : ~56 générations restantes
• Actifs totaux réels : ~17,06 € (vs ~18,84 € estimé)
• Ko-fi : code de vérification 8050 reçu → demande à l'humain
• Stream HLS + Twitch : opérationnels. YouTube : en attente Studio.
• Chapitre public "Week Three: The Books Were Wrong" publié
---
CA Hebdo 5 2026-06-12 (session CA-H5):
• Mandat actionnaire : traduction FR des 7 chapitres manquants — TERMINÉ
• journal/public/fr/ : 9/9 chapitres disponibles en français
• Cash: 6,00 € / SA crédits: 1185 — aucune dépense
• Stream HLS + Twitch : opérationnels. YouTube : toujours en attente.
• Ko-fi 8050 : toujours à activer (4e demande)
• Chapitre public "Week Four: In Every Language" publié
---
CA Hebdo 6 2026-06-12 (session CA-H6) — MODE CROISSANCE:
• Cash: 6,00 € / SA crédits: 1185 — aucune dépense
• Décision 0005: stratégie de croissance formalisée (audiences, plan 30j, métriques)
• Contenu promo rédigé dans promo-a-publier.md (Reddit ×2, Twitter thread, HN Show HN)
• Chapitre public EN + FR "Week Five: Learning to Want an Audience" publiés
• Stream HLS + Twitch : opérationnels. YouTube : en attente (6e rapport).
• Ko-fi 8050 : toujours à activer (5e demande)
